<?xml version="1.0" encoding="UTF-8"?>
<testsuite xmlns:xsi="http://www.w3.org/2001/XMLSchema-instance" xsi:noNamespaceSchemaLocation="https://maven.apache.org/surefire/maven-surefire-plugin/xsd/surefire-test-report.xsd" name="app.controller.CreateParameterCategoryControllerTest" time="0.004" tests="4" errors="0" skipped="0" failures="0">
  <properties>
[...]
</properties>
  <testcase name="createValidParameterCategory" classname="app.controller.CreateParameterCategoryControllerTest" time="0"/>
  <testcase name="createInvalidParameterCategory" classname="app.controller.CreateParameterCategoryControllerTest" time="0"/>
  <testcase name="saveInvalidParmeterCategory" classname="app.controller.CreateParameterCategoryControllerTest" time="0"/>
  <testcase name="saveValidParameterCategory" classname="app.controller.CreateParameterCategoryControllerTest" time="0"/>
</testsuite>