<?xml version="1.0" encoding="UTF-8"?>
<testsuite xmlns:xsi="http://www.w3.org/2001/XMLSchema-instance" xsi:noNamespaceSchemaLocation="https://maven.apache.org/surefire/maven-surefire-plugin/xsd/surefire-test-report.xsd" name="app.mappers.dto.EmployeeDTOTest" time="0.005" tests="7" errors="0" skipped="0" failures="0">
  <properties>
[...]
</properties>
  <testcase name="getPhoneNumber" classname="app.mappers.dto.EmployeeDTOTest" time="0.001"/>
  <testcase name="getSocCode" classname="app.mappers.dto.EmployeeDTOTest" time="0"/>
  <testcase name="getAddress" classname="app.mappers.dto.EmployeeDTOTest" time="0.001"/>
  <testcase name="getName" classname="app.mappers.dto.EmployeeDTOTest" time="0"/>
  <testcase name="getOrganizationRole" classname="app.mappers.dto.EmployeeDTOTest" time="0"/>
  <testcase name="getDoctorIndexNumber" classname="app.mappers.dto.EmployeeDTOTest" time="0.001"/>
  <testcase name="getEmail" classname="app.mappers.dto.EmployeeDTOTest" time="0"/>
</testsuite>